<?xml version="1.0" encoding="UTF-8"?>
<testsuite xmlns:xsi="http://www.w3.org/2001/XMLSchema-instance" xsi:schemaLocation="https://maven.apache.org/surefire/maven-surefire-plugin/xsd/surefire-test-report.xsd" name="com.serenity.BordGais.GoogleSearch" time="89.861" tests="26" errors="0" skipped="0" failures="0">
  <properties>
[...]
</properties>
  <testcase name="BeforeStories" classname="java.lang.Object" time="0"/>
  <testcase name="Given Bob, a customer" classname="com.serenity.BordGais.storySteps.Login" time="21.109"/>
  <testcase name="When Bob, logs into his BGE account with &lt;validEmail&gt; and &lt;validPassword&gt;" classname="com.serenity.BordGais.storySteps.Login" time="5"/>
  <testcase name="Then Bob, should see his BGE account Dashboard" classname="com.serenity.BordGais.storySteps.Login" time="3.357"/>
  <testcase name="Scenario: Customer login into his account with valid credentials" classname="Scenario: Customer login into his account with valid credentials" time="3.751"/>
  <testcase name="Given Bob, is a BGE customer" classname="com.serenity.BordGais.storySteps.Login" time="2.749"/>
  <testcase name="When Bob, logs into his BGE account with &lt;invalidEmail&gt; and &lt;invalidPassword&gt;" classname="com.serenity.BordGais.storySteps.Login" time="1.582"/>
  <testcase name="Then Bob should see the error message as Incorrect username/password" classname="com.serenity.BordGais.storySteps.Login" time="0.186"/>
  <testcase name="When Bob, logs into his BGE account with &lt;validEmail&gt; and  &lt;invalidPassword&gt;" classname="com.serenity.BordGais.storySteps.Login" time="2.654"/>
  <testcase name="Then Bob should see the error message as Incorrect username/password." classname="com.serenity.BordGais.storySteps.Login" time="0.139"/>
  <testcase name="When Bob, logs into his BGE account with &lt;invalidEmail&gt; and  &lt;validPassword&gt;" classname="com.serenity.BordGais.storySteps.Login" time="2.842"/>
  <testcase name="Then Bob should see the error message as Incorrect username/password.​" classname="com.serenity.BordGais.storySteps.Login" time="0.392"/>
  <testcase name="When Bob, logs into his BGE account without providing valid credentials|empty| and click sign in" classname="com.serenity.BordGais.storySteps.Login" time="2.104"/>
  <testcase name="Then Bob, should see the error message as Please enter your email and Please enter your password" classname="com.serenity.BordGais.storySteps.Login" time="0.734"/>
  <testcase name="Scenario: Customer should not login to their account with incorrect credentials" classname="Scenario: Customer should not login to their account with incorrect credentials" time="1.079"/>
  <testcase name="login.story" classname="login.story" time="1.08"/>
  <testcase name="Given Bob a customer is logged into his BGE online account with &lt;validEmail&gt; and &lt;validPassword&gt;" classname="com.serenity.BordGais.storySteps.Logout" time="18.953"/>
  <testcase name="When Bob, logs out of his BGE online account" classname="com.serenity.BordGais.storySteps.Logout" time="3.358"/>
  <testcase name="Then Bob, is out of his Bord Gais Account" classname="com.serenity.BordGais.storySteps.Logout" time="3.096"/>
  <testcase name="Scenario: Customer logging out of their online account" classname="Scenario: Customer logging out of their online account" time="3.588"/>
  <testcase name="Given Bob, logged into his account with &lt;validEmail&gt; and &lt;validPassword&gt;" classname="com.serenity.BordGais.storySteps.Logout" time="3.116"/>
  <testcase name="When Bob, logs out of his account" classname="com.serenity.BordGais.storySteps.Logout" time="3.721"/>
  <testcase name="Then Bob, should be logged out of his BGE online account" classname="com.serenity.BordGais.storySteps.Logout" time="0.192"/>
  <testcase name="Scenario: Customer logging out of their Bord Gais online account" classname="Scenario: Customer logging out of their Bord Gais online account" time="0.678"/>
  <testcase name="logout.story" classname="logout.story" time="0.678"/>
  <testcase name="AfterStories" classname="java.lang.Object" time="0"/>
</testsuite>